[2022-02-27T20:42:18.276Z] Validating found git in: git
[2022-02-27T20:42:18.319Z] Using git 2.25.1 from git
[2022-02-27T20:42:18.394Z] > git rev-parse --git-dir [2ms]
[2022-02-27T20:42:18.404Z] Open repository: /home/rickyj87x
[2022-02-27T20:42:18.482Z] > git symbolic-ref --short HEAD [6ms]
[2022-02-27T20:42:18.499Z] > git for-each-ref --format=%(refname)%00%(upstream:short)%00%(objectname)%00%(upstream:track) refs/heads/master refs/remotes/master [2ms]
[2022-02-27T20:42:18.523Z] > git remote --verbose [3ms]
[2022-02-27T20:42:18.524Z] > git for-each-ref --sort -committerdate --format %(refname) %(objectname) %(*objectname) [17ms]
[2022-02-27T20:42:18.631Z] > git config --get commit.template [28ms]
[2022-02-27T20:42:20.315Z] > git symbolic-ref --short HEAD [2ms]
[2022-02-27T20:42:20.325Z] > git for-each-ref --format=%(refname)%00%(upstream:short)%00%(objectname)%00%(upstream:track) refs/heads/master refs/remotes/master [2ms]
[2022-02-27T20:42:20.368Z] > git remote --verbose [5ms]
[2022-02-27T20:42:20.369Z] > git for-each-ref --sort -committerdate --format %(refname) %(objectname) %(*objectname) [20ms]
[2022-02-27T20:42:20.462Z] > git config --get commit.template [7ms]
[2022-02-27T20:42:25.523Z] > git symbolic-ref --short HEAD [2ms]
[2022-02-27T20:42:25.534Z] > git for-each-ref --format=%(refname)%00%(upstream:short)%00%(objectname)%00%(upstream:track) refs/heads/master refs/remotes/master [2ms]
[2022-02-27T20:42:25.565Z] > git remote --verbose [6ms]
[2022-02-27T20:42:25.566Z] > git for-each-ref --sort -committerdate --format %(refname) %(objectname) %(*objectname) [22ms]
[2022-02-27T20:42:25.648Z] > git config --get commit.template [2ms]
[2022-02-27T21:09:59.779Z] > git symbolic-ref --short HEAD [3ms]
[2022-02-27T21:09:59.785Z] > git for-each-ref --format=%(refname)%00%(upstream:short)%00%(objectname)%00%(upstream:track) refs/heads/another_branch refs/remotes/another_branch [2ms]
[2022-02-27T21:09:59.794Z] > git remote --verbose [2ms]
[2022-02-27T21:09:59.794Z] > git for-each-ref --sort -committerdate --format %(refname) %(objectname) %(*objectname) [4ms]
[2022-02-27T21:09:59.835Z] > git config --get commit.template [0ms]
[2022-02-27T21:10:04.901Z] > git symbolic-ref --short HEAD [3ms]
[2022-02-27T21:10:04.916Z] > git for-each-ref --format=%(refname)%00%(upstream:short)%00%(objectname)%00%(upstream:track) refs/heads/another_branch refs/remotes/another_branch [3ms]
[2022-02-27T21:10:04.940Z] > git for-each-ref --sort -committerdate --format %(refname) %(objectname) %(*objectname) [13ms]
[2022-02-27T21:10:04.942Z] > git remote --verbose [5ms]
[2022-02-27T21:10:05.050Z] > git config --get commit.template [2ms]
[2022-02-27T21:10:09.404Z] > git ls-files --stage -- /home/rickyj87x/index.html [15ms]
[2022-02-27T21:10:10.121Z] > git symbolic-ref --short HEAD [4ms]
[2022-02-27T21:10:10.136Z] > git for-each-ref --format=%(refname)%00%(upstream:short)%00%(objectname)%00%(upstream:track) refs/heads/another_branch refs/remotes/another_branch [3ms]
[2022-02-27T21:10:10.162Z] > git for-each-ref --sort -committerdate --format %(refname) %(objectname) %(*objectname) [15ms]
[2022-02-27T21:10:10.164Z] > git remote --verbose [6ms]
[2022-02-27T21:10:10.235Z] > git config --get commit.template [5ms]
[2022-02-27T21:10:15.259Z] > git symbolic-ref --short HEAD [1ms]
[2022-02-27T21:10:15.266Z] > git for-each-ref --format=%(refname)%00%(upstream:short)%00%(objectname)%00%(upstream:track) refs/heads/another_branch refs/remotes/another_branch [1ms]
[2022-02-27T21:10:15.277Z] > git for-each-ref --sort -committerdate --format %(refname) %(objectname) %(*objectname) [7ms]
[2022-02-27T21:10:15.278Z] > git remote --verbose [3ms]
[2022-02-27T21:10:15.303Z] > git config --get commit.template [1ms]
[2022-02-27T21:10:20.373Z] > git symbolic-ref --short HEAD [3ms]
[2022-02-27T21:10:20.391Z] > git for-each-ref --format=%(refname)%00%(upstream:short)%00%(objectname)%00%(upstream:track) refs/heads/another_branch refs/remotes/another_branch [4ms]
[2022-02-27T21:10:20.421Z] > git for-each-ref --sort -committerdate --format %(refname) %(objectname) %(*objectname) [16ms]
[2022-02-27T21:10:20.423Z] > git remote --verbose [6ms]
[2022-02-27T21:10:20.483Z] > git config --get commit.template [1ms]
[2022-02-27T21:10:25.550Z] > git symbolic-ref --short HEAD [3ms]
[2022-02-27T21:10:25.561Z] > git for-each-ref --format=%(refname)%00%(upstream:short)%00%(objectname)%00%(upstream:track) refs/heads/another_branch refs/remotes/another_branch [3ms]
[2022-02-27T21:10:25.579Z] > git for-each-ref --sort -committerdate --format %(refname) %(objectname) %(*objectname) [10ms]
[2022-02-27T21:10:25.580Z] > git remote --verbose [3ms]
[2022-02-27T21:10:25.653Z] > git config --get commit.template [3ms]
[2022-02-27T21:11:03.426Z] > git symbolic-ref --short HEAD [1ms]
[2022-02-27T21:11:03.432Z] > git for-each-ref --format=%(refname)%00%(upstream:short)%00%(objectname)%00%(upstream:track) refs/heads/another_branch refs/remotes/another_branch [1ms]
[2022-02-27T21:11:03.441Z] > git remote --verbose [1ms]
[2022-02-27T21:11:03.441Z] > git for-each-ref --sort -committerdate --format %(refname) %(objectname) %(*objectname) [4ms]
[2022-02-27T21:11:03.465Z] > git config --get commit.template [1ms]
[2022-02-27T21:11:08.531Z] > git symbolic-ref --short HEAD [4ms]
[2022-02-27T21:11:08.546Z] > git for-each-ref --format=%(refname)%00%(upstream:short)%00%(objectname)%00%(upstream:track) refs/heads/another_branch refs/remotes/another_branch [3ms]
[2022-02-27T21:11:08.570Z] > git for-each-ref --sort -committerdate --format %(refname) %(objectname) %(*objectname) [13ms]
[2022-02-27T21:11:08.572Z] > git remote --verbose [5ms]
[2022-02-27T21:11:08.672Z] > git config --get commit.template [4ms]
[2022-02-27T21:11:13.743Z] > git symbolic-ref --short HEAD [5ms]
[2022-02-27T21:11:13.764Z] > git for-each-ref --format=%(refname)%00%(upstream:short)%00%(objectname)%00%(upstream:track) refs/heads/another_branch refs/remotes/another_branch [5ms]
[2022-02-27T21:11:13.809Z] > git for-each-ref --sort -committerdate --format %(refname) %(objectname) %(*objectname) [14ms]
[2022-02-27T21:11:13.811Z] > git remote --verbose [5ms]
[2022-02-27T21:11:13.882Z] > git config --get commit.template [3ms]
[2022-02-27T21:11:18.966Z] > git symbolic-ref --short HEAD [5ms]
[2022-02-27T21:11:18.983Z] > git for-each-ref --format=%(refname)%00%(upstream:short)%00%(objectname)%00%(upstream:track) refs/heads/another_branch refs/remotes/another_branch [3ms]
[2022-02-27T21:11:19.011Z] > git for-each-ref --sort -committerdate --format %(refname) %(objectname) %(*objectname) [16ms]
[2022-02-27T21:11:19.013Z] > git remote --verbose [5ms]
[2022-02-27T21:11:19.131Z] > git config --get commit.template [39ms]
[2022-02-27T21:11:24.195Z] > git symbolic-ref --short HEAD [2ms]
[2022-02-27T21:11:24.205Z] > git for-each-ref --format=%(refname)%00%(upstream:short)%00%(objectname)%00%(upstream:track) refs/heads/another_branch refs/remotes/another_branch [2ms]
[2022-02-27T21:11:24.221Z] > git for-each-ref --sort -committerdate --format %(refname) %(objectname) %(*objectname) [8ms]
[2022-02-27T21:11:24.222Z] > git remote --verbose [2ms]
[2022-02-27T21:11:24.281Z] > git config --get commit.template [2ms]
[2022-02-27T21:11:29.359Z] > git symbolic-ref --short HEAD [3ms]
[2022-02-27T21:11:29.375Z] > git for-each-ref --format=%(refname)%00%(upstream:short)%00%(objectname)%00%(upstream:track) refs/heads/another_branch refs/remotes/another_branch [4ms]
[2022-02-27T21:11:29.397Z] > git for-each-ref --sort -committerdate --format %(refname) %(objectname) %(*objectname) [11ms]
[2022-02-27T21:11:29.412Z] > git remote --verbose [17ms]
[2022-02-27T21:11:29.464Z] > git config --get commit.template [2ms]
[2022-02-27T21:12:36.888Z] > git ls-files --stage -- /home/rickyj87x/index.html [2ms]
[2022-02-27T21:12:36.900Z] > git symbolic-ref --short HEAD [1ms]
[2022-02-27T21:12:36.907Z] > git for-each-ref --format=%(refname)%00%(upstream:short)%00%(objectname)%00%(upstream:track) refs/heads/master refs/remotes/master [1ms]
[2022-02-27T21:12:36.928Z] > git for-each-ref --sort -committerdate --format %(refname) %(objectname) %(*objectname) [17ms]
[2022-02-27T21:12:36.930Z] > git remote --verbose [14ms]
[2022-02-27T21:12:36.955Z] > git config --get commit.template [1ms]
[2022-02-27T21:12:42.018Z] > git symbolic-ref --short HEAD [3ms]
[2022-02-27T21:12:42.029Z] > git for-each-ref --format=%(refname)%00%(upstream:short)%00%(objectname)%00%(upstream:track) refs/heads/master refs/remotes/master [3ms]
[2022-02-27T21:12:42.042Z] > git remote --verbose [2ms]
[2022-02-27T21:12:42.042Z] > git for-each-ref --sort -committerdate --format %(refname) %(objectname) %(*objectname) [7ms]
[2022-02-27T21:12:42.127Z] > git config --get commit.template [3ms]
[2022-02-27T21:12:47.223Z] > git symbolic-ref --short HEAD [3ms]
[2022-02-27T21:12:47.235Z] > git for-each-ref --format=%(refname)%00%(upstream:short)%00%(objectname)%00%(upstream:track) refs/heads/master refs/remotes/master [4ms]
[2022-02-27T21:12:47.254Z] > git for-each-ref --sort -committerdate --format %(refname) %(objectname) %(*objectname) [11ms]
[2022-02-27T21:12:47.255Z] > git remote --verbose [3ms]
[2022-02-27T21:12:47.309Z] > git config --get commit.template [1ms]
[2022-02-27T21:12:52.365Z] > git symbolic-ref --short HEAD [2ms]
[2022-02-27T21:12:52.375Z] > git for-each-ref --format=%(refname)%00%(upstream:short)%00%(objectname)%00%(upstream:track) refs/heads/master refs/remotes/master [2ms]
[2022-02-27T21:12:52.397Z] > git remote --verbose [3ms]
[2022-02-27T21:12:52.397Z] > git for-each-ref --sort -committerdate --format %(refname) %(objectname) %(*objectname) [15ms]
[2022-02-27T21:12:52.446Z] > git config --get commit.template [2ms]
[2022-02-27T21:12:57.513Z] > git symbolic-ref --short HEAD [3ms]
[2022-02-27T21:12:57.530Z] > git for-each-ref --format=%(refname)%00%(upstream:short)%00%(objectname)%00%(upstream:track) refs/heads/master refs/remotes/master [3ms]
[2022-02-27T21:12:57.557Z] > git for-each-ref --sort -committerdate --format %(refname) %(objectname) %(*objectname) [15ms]
[2022-02-27T21:12:57.558Z] > git remote --verbose [4ms]
[2022-02-27T21:12:57.618Z] > git config --get commit.template [1ms]
[2022-02-27T21:13:02.693Z] > git symbolic-ref --short HEAD [3ms]
[2022-02-27T21:13:02.712Z] > git for-each-ref --format=%(refname)%00%(upstream:short)%00%(objectname)%00%(upstream:track) refs/heads/master refs/remotes/master [5ms]
[2022-02-27T21:13:02.741Z] > git for-each-ref --sort -committerdate --format %(refname) %(objectname) %(*objectname) [15ms]
[2022-02-27T21:13:02.743Z] > git remote --verbose [5ms]
[2022-02-27T21:13:02.809Z] > git config --get commit.template [1ms]
[2022-02-27T21:13:07.873Z] > git symbolic-ref --short HEAD [2ms]
[2022-02-27T21:13:07.884Z] > git for-each-ref --format=%(refname)%00%(upstream:short)%00%(objectname)%00%(upstream:track) refs/heads/master refs/remotes/master [1ms]
[2022-02-27T21:13:07.904Z] > git remote --verbose [2ms]
[2022-02-27T21:13:07.905Z] > git for-each-ref --sort -committerdate --format %(refname) %(objectname) %(*objectname) [12ms]
[2022-02-27T21:13:07.961Z] > git config --get commit.template [2ms]
[2022-02-27T21:13:12.997Z] > git symbolic-ref --short HEAD [2ms]
[2022-02-27T21:13:13.007Z] > git for-each-ref --format=%(refname)%00%(upstream:short)%00%(objectname)%00%(upstream:track) refs/heads/master refs/remotes/master [2ms]
[2022-02-27T21:13:13.024Z] > git for-each-ref --sort -committerdate --format %(refname) %(objectname) %(*objectname) [10ms]
[2022-02-27T21:13:13.025Z] > git remote --verbose [3ms]
[2022-02-27T21:13:13.059Z] > git config --get commit.template [2ms]
[2022-02-27T21:14:35.403Z] > git ls-files --stage -- /home/rickyj87x/index.html [8ms]
[2022-02-27T21:14:35.408Z] > git symbolic-ref --short HEAD [4ms]
[2022-02-27T21:14:35.421Z] > git for-each-ref --format=%(refname)%00%(upstream:short)%00%(objectname)%00%(upstream:track) refs/heads/another_branch refs/remotes/another_branch [7ms]
[2022-02-27T21:14:35.433Z] > git for-each-ref --sort -committerdate --format %(refname) %(objectname) %(*objectname) [7ms]
[2022-02-27T21:14:35.435Z] > git remote --verbose [3ms]
[2022-02-27T21:14:35.489Z] > git config --get commit.template [12ms]
[2022-02-27T21:14:40.523Z] > git symbolic-ref --short HEAD [1ms]
[2022-02-27T21:14:40.530Z] > git for-each-ref --format=%(refname)%00%(upstream:short)%00%(objectname)%00%(upstream:track) refs/heads/another_branch refs/remotes/another_branch [1ms]
[2022-02-27T21:14:40.543Z] > git remote --verbose [2ms]
[2022-02-27T21:14:40.543Z] > git for-each-ref --sort -committerdate --format %(refname) %(objectname) %(*objectname) [6ms]
[2022-02-27T21:14:40.588Z] > git config --get commit.template [2ms]
[2022-02-27T21:15:07.673Z] > git ls-files --stage -- /home/rickyj87x/index.html [1ms]
[2022-02-27T21:15:07.693Z] > git symbolic-ref --short HEAD [10ms]
[2022-02-27T21:15:07.699Z] > git for-each-ref --format=%(refname)%00%(upstream:short)%00%(objectname)%00%(upstream:track) refs/heads/master refs/remotes/master [1ms]
[2022-02-27T21:15:07.710Z] > git for-each-ref --sort -committerdate --format %(refname) %(objectname) %(*objectname) [5ms]
[2022-02-27T21:15:07.711Z] > git remote --verbose [2ms]
[2022-02-27T21:15:07.742Z] > git config --get commit.template [5ms]
[2022-02-27T21:15:12.817Z] > git symbolic-ref --short HEAD [6ms]
[2022-02-27T21:15:12.840Z] > git for-each-ref --format=%(refname)%00%(upstream:short)%00%(objectname)%00%(upstream:track) refs/heads/master refs/remotes/master [5ms]
[2022-02-27T21:15:12.870Z] > git for-each-ref --sort -committerdate --format %(refname) %(objectname) %(*objectname) [22ms]
[2022-02-27T21:15:12.871Z] > git remote --verbose [15ms]
[2022-02-27T21:15:12.914Z] > git config --get commit.template [1ms]
