[2022-02-27T21:15:27.483Z] Validating found git in: git
[2022-02-27T21:15:27.549Z] Using git 2.25.1 from git
[2022-02-27T21:15:27.661Z] > git rev-parse --git-dir [40ms]
[2022-02-27T21:15:27.670Z] Open repository: /home/rickyj87x
[2022-02-27T21:15:27.709Z] > git symbolic-ref --short HEAD [2ms]
[2022-02-27T21:15:27.716Z] > git for-each-ref --format=%(refname)%00%(upstream:short)%00%(objectname)%00%(upstream:track) refs/heads/master refs/remotes/master [2ms]
[2022-02-27T21:15:27.732Z] > git remote --verbose [3ms]
[2022-02-27T21:15:27.732Z] > git for-each-ref --sort -committerdate --format %(refname) %(objectname) %(*objectname) [8ms]
[2022-02-27T21:15:28.559Z] > git config --get commit.template [79ms]
[2022-02-27T21:15:28.635Z] > git ls-files --stage -- /home/rickyj87x/index.html [2ms]
[2022-02-27T21:15:31.688Z] > git symbolic-ref --short HEAD [3ms]
[2022-02-27T21:15:31.704Z] > git for-each-ref --format=%(refname)%00%(upstream:short)%00%(objectname)%00%(upstream:track) refs/heads/master refs/remotes/master [3ms]
[2022-02-27T21:15:31.733Z] > git remote --verbose [4ms]
[2022-02-27T21:15:31.734Z] > git for-each-ref --sort -committerdate --format %(refname) %(objectname) %(*objectname) [18ms]
[2022-02-27T21:15:31.833Z] > git config --get commit.template [4ms]
[2022-02-27T21:15:36.910Z] > git symbolic-ref --short HEAD [3ms]
[2022-02-27T21:15:36.927Z] > git for-each-ref --format=%(refname)%00%(upstream:short)%00%(objectname)%00%(upstream:track) refs/heads/master refs/remotes/master [3ms]
[2022-02-27T21:15:36.956Z] > git remote --verbose [4ms]
[2022-02-27T21:15:36.956Z] > git for-each-ref --sort -committerdate --format %(refname) %(objectname) %(*objectname) [16ms]
[2022-02-27T21:15:37.054Z] > git config --get commit.template [4ms]
[2022-02-27T21:15:42.136Z] > git symbolic-ref --short HEAD [4ms]
[2022-02-27T21:15:42.154Z] > git for-each-ref --format=%(refname)%00%(upstream:short)%00%(objectname)%00%(upstream:track) refs/heads/master refs/remotes/master [3ms]
[2022-02-27T21:15:42.184Z] > git remote --verbose [4ms]
[2022-02-27T21:15:42.185Z] > git for-each-ref --sort -committerdate --format %(refname) %(objectname) %(*objectname) [17ms]
[2022-02-27T21:15:42.276Z] > git config --get commit.template [1ms]
[2022-02-27T21:15:47.313Z] > git symbolic-ref --short HEAD [2ms]
[2022-02-27T21:15:47.322Z] > git for-each-ref --format=%(refname)%00%(upstream:short)%00%(objectname)%00%(upstream:track) refs/heads/master refs/remotes/master [2ms]
[2022-02-27T21:15:47.337Z] > git for-each-ref --sort -committerdate --format %(refname) %(objectname) %(*objectname) [9ms]
[2022-02-27T21:15:47.337Z] > git remote --verbose [2ms]
[2022-02-27T21:15:47.374Z] > git config --get commit.template [0ms]
[2022-02-27T21:15:52.475Z] > git symbolic-ref --short HEAD [10ms]
[2022-02-27T21:15:52.501Z] > git for-each-ref --format=%(refname)%00%(upstream:short)%00%(objectname)%00%(upstream:track) refs/heads/master refs/remotes/master [5ms]
[2022-02-27T21:15:52.523Z] > git for-each-ref --sort -committerdate --format %(refname) %(objectname) %(*objectname) [13ms]
[2022-02-27T21:15:52.525Z] > git remote --verbose [5ms]
[2022-02-27T21:15:52.587Z] > git config --get commit.template [3ms]
[2022-02-27T21:15:57.653Z] > git symbolic-ref --short HEAD [3ms]
[2022-02-27T21:15:57.665Z] > git for-each-ref --format=%(refname)%00%(upstream:short)%00%(objectname)%00%(upstream:track) refs/heads/master refs/remotes/master [2ms]
[2022-02-27T21:15:57.687Z] > git remote --verbose [4ms]
[2022-02-27T21:15:57.687Z] > git for-each-ref --sort -committerdate --format %(refname) %(objectname) %(*objectname) [13ms]
[2022-02-27T21:15:57.742Z] > git config --get commit.template [2ms]
[2022-02-27T21:16:02.808Z] > git symbolic-ref --short HEAD [1ms]
[2022-02-27T21:16:02.821Z] > git for-each-ref --format=%(refname)%00%(upstream:short)%00%(objectname)%00%(upstream:track) refs/heads/master refs/remotes/master [2ms]
[2022-02-27T21:16:02.850Z] > git for-each-ref --sort -committerdate --format %(refname) %(objectname) %(*objectname) [20ms]
[2022-02-27T21:16:02.851Z] > git remote --verbose [4ms]
[2022-02-27T21:16:02.913Z] > git config --get commit.template [2ms]
[2022-02-27T21:16:07.988Z] > git symbolic-ref --short HEAD [3ms]
[2022-02-27T21:16:08.009Z] > git for-each-ref --format=%(refname)%00%(upstream:short)%00%(objectname)%00%(upstream:track) refs/heads/master refs/remotes/master [3ms]
[2022-02-27T21:16:08.045Z] > git for-each-ref --sort -committerdate --format %(refname) %(objectname) %(*objectname) [19ms]
[2022-02-27T21:16:08.047Z] > git remote --verbose [5ms]
[2022-02-27T21:16:08.119Z] > git config --get commit.template [2ms]
[2022-02-27T21:16:13.186Z] > git symbolic-ref --short HEAD [2ms]
[2022-02-27T21:16:13.199Z] > git for-each-ref --format=%(refname)%00%(upstream:short)%00%(objectname)%00%(upstream:track) refs/heads/master refs/remotes/master [2ms]
[2022-02-27T21:16:13.224Z] > git for-each-ref --sort -committerdate --format %(refname) %(objectname) %(*objectname) [14ms]
[2022-02-27T21:16:13.225Z] > git remote --verbose [3ms]
[2022-02-27T21:16:13.277Z] > git config --get commit.template [9ms]
[2022-02-27T21:16:18.373Z] > git symbolic-ref --short HEAD [5ms]
[2022-02-27T21:16:18.399Z] > git for-each-ref --format=%(refname)%00%(upstream:short)%00%(objectname)%00%(upstream:track) refs/heads/master refs/remotes/master [4ms]
[2022-02-27T21:16:18.444Z] > git for-each-ref --sort -committerdate --format %(refname) %(objectname) %(*objectname) [24ms]
[2022-02-27T21:16:18.445Z] > git remote --verbose [6ms]
[2022-02-27T21:16:18.506Z] > git config --get commit.template [2ms]
[2022-02-27T21:19:39.494Z] > git ls-files --stage -- /home/rickyj87x/index.html [1ms]
[2022-02-27T21:19:39.514Z] > git symbolic-ref --short HEAD [9ms]
[2022-02-27T21:19:39.519Z] > git for-each-ref --format=%(refname)%00%(upstream:short)%00%(objectname)%00%(upstream:track) refs/heads/another_branch refs/remotes/another_branch [3ms]
[2022-02-27T21:19:39.529Z] > git remote --verbose [1ms]
[2022-02-27T21:19:39.530Z] > git for-each-ref --sort -committerdate --format %(refname) %(objectname) %(*objectname) [5ms]
[2022-02-27T21:19:39.564Z] > git config --get commit.template [1ms]
[2022-02-27T21:19:44.621Z] > git symbolic-ref --short HEAD [2ms]
[2022-02-27T21:19:44.630Z] > git for-each-ref --format=%(refname)%00%(upstream:short)%00%(objectname)%00%(upstream:track) refs/heads/another_branch refs/remotes/another_branch [2ms]
[2022-02-27T21:19:44.648Z] > git for-each-ref --sort -committerdate --format %(refname) %(objectname) %(*objectname) [12ms]
[2022-02-27T21:19:44.649Z] > git remote --verbose [4ms]
[2022-02-27T21:19:44.767Z] > git config --get commit.template [2ms]
[2022-02-27T21:19:49.844Z] > git symbolic-ref --short HEAD [5ms]
[2022-02-27T21:19:49.862Z] > git for-each-ref --format=%(refname)%00%(upstream:short)%00%(objectname)%00%(upstream:track) refs/heads/another_branch refs/remotes/another_branch [4ms]
[2022-02-27T21:19:49.891Z] > git remote --verbose [4ms]
[2022-02-27T21:19:49.892Z] > git for-each-ref --sort -committerdate --format %(refname) %(objectname) %(*objectname) [17ms]
[2022-02-27T21:19:49.949Z] > git config --get commit.template [2ms]
[2022-02-27T21:19:55.020Z] > git symbolic-ref --short HEAD [4ms]
[2022-02-27T21:19:55.037Z] > git for-each-ref --format=%(refname)%00%(upstream:short)%00%(objectname)%00%(upstream:track) refs/heads/another_branch refs/remotes/another_branch [4ms]
[2022-02-27T21:19:55.063Z] > git for-each-ref --sort -committerdate --format %(refname) %(objectname) %(*objectname) [14ms]
[2022-02-27T21:19:55.064Z] > git remote --verbose [4ms]
[2022-02-27T21:19:55.131Z] > git config --get commit.template [2ms]
[2022-02-27T21:20:00.184Z] > git symbolic-ref --short HEAD [3ms]
[2022-02-27T21:20:00.199Z] > git for-each-ref --format=%(refname)%00%(upstream:short)%00%(objectname)%00%(upstream:track) refs/heads/another_branch refs/remotes/another_branch [3ms]
[2022-02-27T21:20:00.219Z] > git remote --verbose [3ms]
[2022-02-27T21:20:00.220Z] > git for-each-ref --sort -committerdate --format %(refname) %(objectname) %(*objectname) [10ms]
[2022-02-27T21:20:00.290Z] > git config --get commit.template [25ms]
[2022-02-27T21:20:05.374Z] > git symbolic-ref --short HEAD [5ms]
[2022-02-27T21:20:05.395Z] > git for-each-ref --format=%(refname)%00%(upstream:short)%00%(objectname)%00%(upstream:track) refs/heads/another_branch refs/remotes/another_branch [4ms]
[2022-02-27T21:20:05.429Z] > git remote --verbose [4ms]
[2022-02-27T21:20:05.431Z] > git for-each-ref --sort -committerdate --format %(refname) %(objectname) %(*objectname) [19ms]
[2022-02-27T21:20:05.506Z] > git config --get commit.template [4ms]
[2022-02-27T21:20:10.575Z] > git symbolic-ref --short HEAD [3ms]
[2022-02-27T21:20:10.585Z] > git for-each-ref --format=%(refname)%00%(upstream:short)%00%(objectname)%00%(upstream:track) refs/heads/another_branch refs/remotes/another_branch [2ms]
[2022-02-27T21:20:10.602Z] > git for-each-ref --sort -committerdate --format %(refname) %(objectname) %(*objectname) [9ms]
[2022-02-27T21:20:10.603Z] > git remote --verbose [3ms]
[2022-02-27T21:20:10.651Z] > git config --get commit.template [1ms]
[2022-02-27T21:30:38.881Z] > git ls-files --stage -- /home/rickyj87x/index.html [19ms]
[2022-02-27T21:30:38.891Z] > git symbolic-ref --short HEAD [10ms]
[2022-02-27T21:30:38.899Z] > git cat-file -s 7ea637b08184833e73b578c6cdc053f26b2c47ba [10ms]
[2022-02-27T21:30:38.900Z] > git for-each-ref --format=%(refname)%00%(upstream:short)%00%(objectname)%00%(upstream:track) refs/heads/master refs/remotes/master [2ms]
[2022-02-27T21:30:38.912Z] > git remote --verbose [1ms]
[2022-02-27T21:30:38.913Z] > git for-each-ref --sort -committerdate --format %(refname) %(objectname) %(*objectname) [8ms]
[2022-02-27T21:30:38.971Z] > git config --get commit.template [8ms]
[2022-02-27T21:30:42.763Z] > git ls-files --stage -- /home/rickyj87x/app.css [2ms]
[2022-02-27T21:30:42.770Z] > git cat-file -s e69de29bb2d1d6434b8b29ae775ad8c2e48c5391 [1ms]
[2022-02-27T21:30:44.000Z] > git symbolic-ref --short HEAD [2ms]
[2022-02-27T21:30:44.008Z] > git for-each-ref --format=%(refname)%00%(upstream:short)%00%(objectname)%00%(upstream:track) refs/heads/master refs/remotes/master [1ms]
[2022-02-27T21:30:44.019Z] > git for-each-ref --sort -committerdate --format %(refname) %(objectname) %(*objectname) [4ms]
[2022-02-27T21:30:44.019Z] > git remote --verbose [1ms]
[2022-02-27T21:30:44.069Z] > git config --get commit.template [1ms]
[2022-02-27T21:30:49.139Z] > git symbolic-ref --short HEAD [4ms]
[2022-02-27T21:30:49.156Z] > git for-each-ref --format=%(refname)%00%(upstream:short)%00%(objectname)%00%(upstream:track) refs/heads/master refs/remotes/master [3ms]
[2022-02-27T21:30:49.186Z] > git for-each-ref --sort -committerdate --format %(refname) %(objectname) %(*objectname) [18ms]
[2022-02-27T21:30:49.187Z] > git remote --verbose [5ms]
[2022-02-27T21:30:49.287Z] > git config --get commit.template [12ms]
[2022-02-27T21:30:54.356Z] > git symbolic-ref --short HEAD [2ms]
[2022-02-27T21:30:54.367Z] > git for-each-ref --format=%(refname)%00%(upstream:short)%00%(objectname)%00%(upstream:track) refs/heads/master refs/remotes/master [2ms]
[2022-02-27T21:30:54.385Z] > git for-each-ref --sort -committerdate --format %(refname) %(objectname) %(*objectname) [10ms]
[2022-02-27T21:30:54.386Z] > git remote --verbose [3ms]
[2022-02-27T21:30:54.428Z] > git config --get commit.template [1ms]
[2022-02-27T21:30:59.504Z] > git symbolic-ref --short HEAD [3ms]
[2022-02-27T21:30:59.523Z] > git for-each-ref --format=%(refname)%00%(upstream:short)%00%(objectname)%00%(upstream:track) refs/heads/master refs/remotes/master [4ms]
[2022-02-27T21:30:59.555Z] > git for-each-ref --sort -committerdate --format %(refname) %(objectname) %(*objectname) [19ms]
[2022-02-27T21:30:59.558Z] > git remote --verbose [8ms]
[2022-02-27T21:30:59.617Z] > git config --get commit.template [2ms]
[2022-02-27T21:31:04.680Z] > git symbolic-ref --short HEAD [2ms]
[2022-02-27T21:31:04.686Z] > git for-each-ref --format=%(refname)%00%(upstream:short)%00%(objectname)%00%(upstream:track) refs/heads/master refs/remotes/master [1ms]
[2022-02-27T21:31:04.697Z] > git remote --verbose [1ms]
[2022-02-27T21:31:04.697Z] > git for-each-ref --sort -committerdate --format %(refname) %(objectname) %(*objectname) [5ms]
[2022-02-27T21:31:04.724Z] > git config --get commit.template [1ms]
[2022-02-27T21:31:09.788Z] > git symbolic-ref --short HEAD [1ms]
[2022-02-27T21:31:09.800Z] > git for-each-ref --format=%(refname)%00%(upstream:short)%00%(objectname)%00%(upstream:track) refs/heads/master refs/remotes/master [2ms]
[2022-02-27T21:31:09.818Z] > git for-each-ref --sort -committerdate --format %(refname) %(objectname) %(*objectname) [9ms]
[2022-02-27T21:31:09.819Z] > git remote --verbose [3ms]
[2022-02-27T21:31:09.873Z] > git config --get commit.template [3ms]
[2022-02-27T21:31:14.969Z] > git symbolic-ref --short HEAD [18ms]
[2022-02-27T21:31:14.987Z] > git for-each-ref --format=%(refname)%00%(upstream:short)%00%(objectname)%00%(upstream:track) refs/heads/master refs/remotes/master [4ms]
[2022-02-27T21:31:15.018Z] > git for-each-ref --sort -committerdate --format %(refname) %(objectname) %(*objectname) [17ms]
[2022-02-27T21:31:15.019Z] > git remote --verbose [4ms]
[2022-02-27T21:31:15.103Z] > git config --get commit.template [3ms]
[2022-02-27T21:31:20.170Z] > git symbolic-ref --short HEAD [2ms]
[2022-02-27T21:31:20.181Z] > git for-each-ref --format=%(refname)%00%(upstream:short)%00%(objectname)%00%(upstream:track) refs/heads/master refs/remotes/master [2ms]
[2022-02-27T21:31:20.210Z] > git for-each-ref --sort -committerdate --format %(refname) %(objectname) %(*objectname) [17ms]
[2022-02-27T21:31:20.211Z] > git remote --verbose [5ms]
[2022-02-27T21:31:20.278Z] > git config --get commit.template [2ms]
[2022-02-27T21:31:25.337Z] > git symbolic-ref --short HEAD [2ms]
[2022-02-27T21:31:25.348Z] > git for-each-ref --format=%(refname)%00%(upstream:short)%00%(objectname)%00%(upstream:track) refs/heads/master refs/remotes/master [2ms]
[2022-02-27T21:31:25.365Z] > git for-each-ref --sort -committerdate --format %(refname) %(objectname) %(*objectname) [9ms]
[2022-02-27T21:31:25.366Z] > git remote --verbose [3ms]
[2022-02-27T21:31:25.429Z] > git config --get commit.template [2ms]
[2022-02-27T21:31:30.496Z] > git symbolic-ref --short HEAD [4ms]
[2022-02-27T21:31:30.510Z] > git for-each-ref --format=%(refname)%00%(upstream:short)%00%(objectname)%00%(upstream:track) refs/heads/master refs/remotes/master [4ms]
[2022-02-27T21:31:30.530Z] > git for-each-ref --sort -committerdate --format %(refname) %(objectname) %(*objectname) [12ms]
[2022-02-27T21:31:30.531Z] > git remote --verbose [3ms]
[2022-02-27T21:31:30.590Z] > git config --get commit.template [11ms]
[2022-02-27T21:31:35.654Z] > git symbolic-ref --short HEAD [3ms]
[2022-02-27T21:31:35.664Z] > git for-each-ref --format=%(refname)%00%(upstream:short)%00%(objectname)%00%(upstream:track) refs/heads/master refs/remotes/master [2ms]
[2022-02-27T21:31:35.682Z] > git for-each-ref --sort -committerdate --format %(refname) %(objectname) %(*objectname) [9ms]
[2022-02-27T21:31:35.682Z] > git remote --verbose [2ms]
[2022-02-27T21:31:35.740Z] > git config --get commit.template [1ms]
[2022-02-27T21:34:41.382Z] > git ls-files --stage -- /home/rickyj87x/app.css [7ms]
[2022-02-27T21:34:41.392Z] > git symbolic-ref --short HEAD [11ms]
[2022-02-27T21:34:41.398Z] > git cat-file -s e69de29bb2d1d6434b8b29ae775ad8c2e48c5391 [6ms]
[2022-02-27T21:34:41.399Z] > git for-each-ref --format=%(refname)%00%(upstream:short)%00%(objectname)%00%(upstream:track) refs/heads/new_branch refs/remotes/new_branch [2ms]
[2022-02-27T21:34:41.415Z] > git remote --verbose [1ms]
[2022-02-27T21:34:41.416Z] > git for-each-ref --sort -committerdate --format %(refname) %(objectname) %(*objectname) [9ms]
[2022-02-27T21:34:41.456Z] > git config --get commit.template [9ms]
[2022-02-27T21:34:46.519Z] > git symbolic-ref --short HEAD [3ms]
[2022-02-27T21:34:46.531Z] > git for-each-ref --format=%(refname)%00%(upstream:short)%00%(objectname)%00%(upstream:track) refs/heads/new_branch refs/remotes/new_branch [3ms]
[2022-02-27T21:34:46.565Z] > git for-each-ref --sort -committerdate --format %(refname) %(objectname) %(*objectname) [21ms]
[2022-02-27T21:34:46.566Z] > git remote --verbose [14ms]
[2022-02-27T21:34:46.609Z] > git config --get commit.template [1ms]
[2022-02-27T21:34:51.678Z] > git symbolic-ref --short HEAD [4ms]
[2022-02-27T21:34:51.696Z] > git for-each-ref --format=%(refname)%00%(upstream:short)%00%(objectname)%00%(upstream:track) refs/heads/new_branch refs/remotes/new_branch [3ms]
[2022-02-27T21:34:51.724Z] > git for-each-ref --sort -committerdate --format %(refname) %(objectname) %(*objectname) [15ms]
[2022-02-27T21:34:51.725Z] > git remote --verbose [5ms]
[2022-02-27T21:34:51.797Z] > git config --get commit.template [1ms]
[2022-02-27T21:34:56.844Z] > git symbolic-ref --short HEAD [2ms]
[2022-02-27T21:34:56.857Z] > git for-each-ref --format=%(refname)%00%(upstream:short)%00%(objectname)%00%(upstream:track) refs/heads/new_branch refs/remotes/new_branch [3ms]
[2022-02-27T21:34:56.886Z] > git for-each-ref --sort -committerdate --format %(refname) %(objectname) %(*objectname) [14ms]
[2022-02-27T21:34:56.887Z] > git remote --verbose [2ms]
[2022-02-27T21:34:56.920Z] > git config --get commit.template [0ms]
[2022-02-27T21:35:02.000Z] > git symbolic-ref --short HEAD [4ms]
[2022-02-27T21:35:02.017Z] > git for-each-ref --format=%(refname)%00%(upstream:short)%00%(objectname)%00%(upstream:track) refs/heads/new_branch refs/remotes/new_branch [3ms]
[2022-02-27T21:35:02.054Z] > git remote --verbose [15ms]
[2022-02-27T21:35:02.055Z] > git for-each-ref --sort -committerdate --format %(refname) %(objectname) %(*objectname) [25ms]
[2022-02-27T21:35:02.092Z] > git config --get commit.template [1ms]
[2022-02-27T21:35:07.180Z] > git symbolic-ref --short HEAD [1ms]
[2022-02-27T21:35:07.194Z] > git for-each-ref --format=%(refname)%00%(upstream:short)%00%(objectname)%00%(upstream:track) refs/heads/new_branch refs/remotes/new_branch [1ms]
[2022-02-27T21:35:07.223Z] > git remote --verbose [1ms]
[2022-02-27T21:35:07.223Z] > git for-each-ref --sort -committerdate --format %(refname) %(objectname) %(*objectname) [14ms]
[2022-02-27T21:35:07.272Z] > git config --get commit.template [1ms]
[2022-02-27T21:35:12.309Z] > git symbolic-ref --short HEAD [2ms]
[2022-02-27T21:35:12.318Z] > git for-each-ref --format=%(refname)%00%(upstream:short)%00%(objectname)%00%(upstream:track) refs/heads/new_branch refs/remotes/new_branch [2ms]
[2022-02-27T21:35:12.352Z] > git for-each-ref --sort -committerdate --format %(refname) %(objectname) %(*objectname) [23ms]
[2022-02-27T21:35:12.353Z] > git remote --verbose [3ms]
[2022-02-27T21:35:12.419Z] > git config --get commit.template [4ms]
[2022-02-27T21:35:17.478Z] > git symbolic-ref --short HEAD [2ms]
[2022-02-27T21:35:17.489Z] > git for-each-ref --format=%(refname)%00%(upstream:short)%00%(objectname)%00%(upstream:track) refs/heads/new_branch refs/remotes/new_branch [3ms]
[2022-02-27T21:35:17.507Z] > git remote --verbose [2ms]
[2022-02-27T21:35:17.507Z] > git for-each-ref --sort -committerdate --format %(refname) %(objectname) %(*objectname) [11ms]
[2022-02-27T21:35:17.558Z] > git config --get commit.template [2ms]
[2022-02-27T21:35:22.613Z] > git symbolic-ref --short HEAD [2ms]
[2022-02-27T21:35:22.624Z] > git for-each-ref --format=%(refname)%00%(upstream:short)%00%(objectname)%00%(upstream:track) refs/heads/new_branch refs/remotes/new_branch [2ms]
[2022-02-27T21:35:22.642Z] > git for-each-ref --sort -committerdate --format %(refname) %(objectname) %(*objectname) [9ms]
[2022-02-27T21:35:22.643Z] > git remote --verbose [3ms]
[2022-02-27T21:35:22.690Z] > git config --get commit.template [1ms]
[2022-02-27T21:35:27.766Z] > git symbolic-ref --short HEAD [2ms]
[2022-02-27T21:35:27.778Z] > git for-each-ref --format=%(refname)%00%(upstream:short)%00%(objectname)%00%(upstream:track) refs/heads/new_branch refs/remotes/new_branch [2ms]
[2022-02-27T21:35:27.798Z] > git for-each-ref --sort -committerdate --format %(refname) %(objectname) %(*objectname) [11ms]
[2022-02-27T21:35:27.799Z] > git remote --verbose [3ms]
[2022-02-27T21:35:27.857Z] > git config --get commit.template [2ms]
[2022-02-27T21:35:32.932Z] > git symbolic-ref --short HEAD [4ms]
[2022-02-27T21:35:32.951Z] > git for-each-ref --format=%(refname)%00%(upstream:short)%00%(objectname)%00%(upstream:track) refs/heads/new_branch refs/remotes/new_branch [4ms]
[2022-02-27T21:35:32.980Z] > git for-each-ref --sort -committerdate --format %(refname) %(objectname) %(*objectname) [16ms]
[2022-02-27T21:35:32.982Z] > git remote --verbose [5ms]
[2022-02-27T21:35:33.071Z] > git config --get commit.template [2ms]
[2022-02-27T21:36:55.053Z] > git ls-files --stage -- /home/rickyj87x/app.css [7ms]
[2022-02-27T21:36:55.061Z] > git symbolic-ref --short HEAD [9ms]
[2022-02-27T21:36:55.065Z] > git cat-file -s aafba54b2611d90812ba3a5df9a5b09263eef9eb [7ms]
[2022-02-27T21:36:55.066Z] > git for-each-ref --format=%(refname)%00%(upstream:short)%00%(objectname)%00%(upstream:track) refs/heads/master refs/remotes/master [1ms]
[2022-02-27T21:36:55.088Z] > git remote --verbose [2ms]
[2022-02-27T21:36:55.088Z] > git for-each-ref --sort -committerdate --format %(refname) %(objectname) %(*objectname) [16ms]
[2022-02-27T21:37:00.193Z] > git symbolic-ref --short HEAD [2ms]
[2022-02-27T21:37:00.203Z] > git for-each-ref --format=%(refname)%00%(upstream:short)%00%(objectname)%00%(upstream:track) refs/heads/master refs/remotes/master [2ms]
[2022-02-27T21:37:00.218Z] > git for-each-ref --sort -committerdate --format %(refname) %(objectname) %(*objectname) [8ms]
[2022-02-27T21:37:00.219Z] > git remote --verbose [3ms]
[2022-02-27T21:37:05.349Z] > git symbolic-ref --short HEAD [2ms]
[2022-02-27T21:37:05.358Z] > git for-each-ref --format=%(refname)%00%(upstream:short)%00%(objectname)%00%(upstream:track) refs/heads/master refs/remotes/master [2ms]
[2022-02-27T21:37:05.378Z] > git for-each-ref --sort -committerdate --format %(refname) %(objectname) %(*objectname) [13ms]
[2022-02-27T21:37:05.380Z] > git remote --verbose [5ms]
[2022-02-27T21:37:10.512Z] > git symbolic-ref --short HEAD [3ms]
[2022-02-27T21:37:10.531Z] > git for-each-ref --format=%(refname)%00%(upstream:short)%00%(objectname)%00%(upstream:track) refs/heads/master refs/remotes/master [3ms]
[2022-02-27T21:37:10.561Z] > git for-each-ref --sort -committerdate --format %(refname) %(objectname) %(*objectname) [16ms]
[2022-02-27T21:37:10.562Z] > git remote --verbose [4ms]
[2022-02-27T21:37:15.674Z] > git symbolic-ref --short HEAD [2ms]
[2022-02-27T21:37:15.687Z] > git for-each-ref --format=%(refname)%00%(upstream:short)%00%(objectname)%00%(upstream:track) refs/heads/master refs/remotes/master [3ms]
[2022-02-27T21:37:15.708Z] > git for-each-ref --sort -committerdate --format %(refname) %(objectname) %(*objectname) [13ms]
[2022-02-27T21:37:15.721Z] > git remote --verbose [16ms]
[2022-02-27T21:37:20.830Z] > git symbolic-ref --short HEAD [3ms]
[2022-02-27T21:37:20.848Z] > git for-each-ref --format=%(refname)%00%(upstream:short)%00%(objectname)%00%(upstream:track) refs/heads/master refs/remotes/master [4ms]
[2022-02-27T21:37:20.877Z] > git for-each-ref --sort -committerdate --format %(refname) %(objectname) %(*objectname) [16ms]
[2022-02-27T21:37:20.878Z] > git remote --verbose [4ms]
[2022-02-27T21:37:26.015Z] > git symbolic-ref --short HEAD [3ms]
[2022-02-27T21:37:26.035Z] > git for-each-ref --format=%(refname)%00%(upstream:short)%00%(objectname)%00%(upstream:track) refs/heads/master refs/remotes/master [3ms]
[2022-02-27T21:37:26.064Z] > git for-each-ref --sort -committerdate --format %(refname) %(objectname) %(*objectname) [15ms]
[2022-02-27T21:37:26.065Z] > git remote --verbose [4ms]
[2022-02-27T21:37:31.194Z] > git symbolic-ref --short HEAD [3ms]
[2022-02-27T21:37:31.208Z] > git for-each-ref --format=%(refname)%00%(upstream:short)%00%(objectname)%00%(upstream:track) refs/heads/master refs/remotes/master [3ms]
[2022-02-27T21:37:31.231Z] > git for-each-ref --sort -committerdate --format %(refname) %(objectname) %(*objectname) [12ms]
[2022-02-27T21:37:31.246Z] > git remote --verbose [17ms]
[2022-02-27T21:37:36.361Z] > git symbolic-ref --short HEAD [3ms]
[2022-02-27T21:37:36.381Z] > git for-each-ref --format=%(refname)%00%(upstream:short)%00%(objectname)%00%(upstream:track) refs/heads/master refs/remotes/master [4ms]
[2022-02-27T21:37:36.410Z] > git for-each-ref --sort -committerdate --format %(refname) %(objectname) %(*objectname) [16ms]
[2022-02-27T21:37:36.411Z] > git remote --verbose [4ms]
[2022-02-27T21:37:41.535Z] > git symbolic-ref --short HEAD [4ms]
[2022-02-27T21:37:41.549Z] > git for-each-ref --format=%(refname)%00%(upstream:short)%00%(objectname)%00%(upstream:track) refs/heads/master refs/remotes/master [3ms]
[2022-02-27T21:37:41.572Z] > git remote --verbose [3ms]
[2022-02-27T21:37:41.572Z] > git for-each-ref --sort -committerdate --format %(refname) %(objectname) %(*objectname) [11ms]
[2022-02-27T21:37:46.722Z] > git symbolic-ref --short HEAD [2ms]
[2022-02-27T21:37:46.733Z] > git for-each-ref --format=%(refname)%00%(upstream:short)%00%(objectname)%00%(upstream:track) refs/heads/master refs/remotes/master [2ms]
[2022-02-27T21:37:46.757Z] > git for-each-ref --sort -committerdate --format %(refname) %(objectname) %(*objectname) [15ms]
[2022-02-27T21:37:46.758Z] > git remote --verbose [4ms]
[2022-02-27T21:37:51.882Z] > git symbolic-ref --short HEAD [4ms]
[2022-02-27T21:37:51.897Z] > git for-each-ref --format=%(refname)%00%(upstream:short)%00%(objectname)%00%(upstream:track) refs/heads/master refs/remotes/master [3ms]
[2022-02-27T21:37:51.930Z] > git for-each-ref --sort -committerdate --format %(refname) %(objectname) %(*objectname) [23ms]
[2022-02-27T21:37:51.931Z] > git remote --verbose [14ms]
[2022-02-27T21:37:57.047Z] > git symbolic-ref --short HEAD [4ms]
[2022-02-27T21:37:57.065Z] > git for-each-ref --format=%(refname)%00%(upstream:short)%00%(objectname)%00%(upstream:track) refs/heads/master refs/remotes/master [3ms]
[2022-02-27T21:37:57.094Z] > git for-each-ref --sort -committerdate --format %(refname) %(objectname) %(*objectname) [16ms]
[2022-02-27T21:37:57.095Z] > git remote --verbose [4ms]
[2022-02-27T21:38:02.230Z] > git symbolic-ref --short HEAD [3ms]
[2022-02-27T21:38:02.244Z] > git for-each-ref --format=%(refname)%00%(upstream:short)%00%(objectname)%00%(upstream:track) refs/heads/master refs/remotes/master [3ms]
[2022-02-27T21:38:02.259Z] > git remote --verbose [1ms]
[2022-02-27T21:38:02.260Z] > git for-each-ref --sort -committerdate --format %(refname) %(objectname) %(*objectname) [9ms]
[2022-02-27T21:38:07.358Z] > git symbolic-ref --short HEAD [3ms]
[2022-02-27T21:38:07.375Z] > git for-each-ref --format=%(refname)%00%(upstream:short)%00%(objectname)%00%(upstream:track) refs/heads/master refs/remotes/master [3ms]
[2022-02-27T21:38:07.403Z] > git for-each-ref --sort -committerdate --format %(refname) %(objectname) %(*objectname) [15ms]
[2022-02-27T21:38:07.405Z] > git remote --verbose [5ms]
[2022-02-27T21:38:12.529Z] > git symbolic-ref --short HEAD [4ms]
[2022-02-27T21:38:12.548Z] > git for-each-ref --format=%(refname)%00%(upstream:short)%00%(objectname)%00%(upstream:track) refs/heads/master refs/remotes/master [4ms]
[2022-02-27T21:38:12.578Z] > git for-each-ref --sort -committerdate --format %(refname) %(objectname) %(*objectname) [16ms]
[2022-02-27T21:38:12.579Z] > git remote --verbose [4ms]
[2022-02-27T21:57:41.786Z] > git ls-files --stage -- /home/rickyj87x/app.css [1ms]
[2022-02-27T21:57:41.800Z] > git cat-file -s 4429018bcb03160f32164ca1c28df1b61b9b7a60 [9ms]
[2022-02-27T21:57:41.804Z] > git symbolic-ref --short HEAD [5ms]
[2022-02-27T21:57:41.810Z] > git for-each-ref --format=%(refname)%00%(upstream:short)%00%(objectname)%00%(upstream:track) refs/heads/master refs/remotes/master [1ms]
[2022-02-27T21:57:41.826Z] > git remote --verbose [5ms]
[2022-02-27T21:57:41.826Z] > git for-each-ref --sort -committerdate --format %(refname) %(objectname) %(*objectname) [9ms]
[2022-02-27T21:57:41.872Z] > git config --get commit.template [2ms]
[2022-02-28T04:13:15.818Z] > git ls-files --stage -- /home/rickyj87x/app.css [3ms]
[2022-02-28T04:13:15.866Z] > git cat-file -s 4429018bcb03160f32164ca1c28df1b61b9b7a60 [19ms]
[2022-02-28T04:13:15.868Z] > git symbolic-ref --short HEAD [2ms]
[2022-02-28T04:13:15.906Z] > git for-each-ref --format=%(refname)%00%(upstream:short)%00%(objectname)%00%(upstream:track) refs/heads/master refs/remotes/master [26ms]
[2022-02-28T04:13:15.969Z] > git remote --verbose [20ms]
[2022-02-28T04:13:15.972Z] > git for-each-ref --sort -committerdate --format %(refname) %(objectname) %(*objectname) [56ms]
[2022-02-28T04:13:17.124Z] > git config --get commit.template [9ms]
[2022-02-28T04:17:57.713Z] > git symbolic-ref --short HEAD [1ms]
[2022-02-28T04:17:57.718Z] > git for-each-ref --format=%(refname)%00%(upstream:short)%00%(objectname)%00%(upstream:track) refs/heads/master refs/remotes/master [1ms]
[2022-02-28T04:17:57.731Z] > git for-each-ref --sort -committerdate --format %(refname) %(objectname) %(*objectname) [7ms]
[2022-02-28T04:17:57.732Z] > git remote --verbose [2ms]
[2022-02-28T04:17:57.783Z] > git config --get commit.template [2ms]
[2022-02-28T04:18:00.794Z] > git ls-files --stage -- /home/rickyj87x/index.html [2ms]
[2022-02-28T04:18:00.804Z] > git cat-file -s 7ea637b08184833e73b578c6cdc053f26b2c47ba [2ms]
[2022-02-28T04:18:02.897Z] > git symbolic-ref --short HEAD [7ms]
[2022-02-28T04:18:02.922Z] > git for-each-ref --format=%(refname)%00%(upstream:short)%00%(objectname)%00%(upstream:track) refs/heads/master refs/remotes/master [7ms]
[2022-02-28T04:18:02.957Z] > git for-each-ref --sort -committerdate --format %(refname) %(objectname) %(*objectname) [20ms]
[2022-02-28T04:18:02.960Z] > git remote --verbose [7ms]
[2022-02-28T04:18:03.077Z] > git config --get commit.template [14ms]
[2022-02-28T04:38:34.689Z] > git symbolic-ref --short HEAD [1ms]
[2022-02-28T04:38:34.694Z] > git for-each-ref --format=%(refname)%00%(upstream:short)%00%(objectname)%00%(upstream:track) refs/heads/new_branch refs/remotes/new_branch [1ms]
[2022-02-28T04:38:34.706Z] > git for-each-ref --sort -committerdate --format %(refname) %(objectname) %(*objectname) [5ms]
[2022-02-28T04:38:34.707Z] > git remote --verbose [2ms]
[2022-02-28T04:38:34.772Z] > git config --get commit.template [11ms]
[2022-02-28T04:38:34.773Z] > git ls-files --stage -- /home/rickyj87x/index.html [2ms]
[2022-02-28T04:38:34.795Z] > git cat-file -s 7ea637b08184833e73b578c6cdc053f26b2c47ba [4ms]
[2022-02-28T04:38:39.833Z] > git symbolic-ref --short HEAD [2ms]
[2022-02-28T04:38:39.843Z] > git for-each-ref --format=%(refname)%00%(upstream:short)%00%(objectname)%00%(upstream:track) refs/heads/new_branch refs/remotes/new_branch [2ms]
[2022-02-28T04:38:39.864Z] > git for-each-ref --sort -committerdate --format %(refname) %(objectname) %(*objectname) [14ms]
[2022-02-28T04:38:39.866Z] > git remote --verbose [5ms]
[2022-02-28T04:38:39.939Z] > git config --get commit.template [2ms]
[2022-02-28T04:38:45.000Z] > git symbolic-ref --short HEAD [2ms]
[2022-02-28T04:38:45.009Z] > git for-each-ref --format=%(refname)%00%(upstream:short)%00%(objectname)%00%(upstream:track) refs/heads/new_branch refs/remotes/new_branch [2ms]
[2022-02-28T04:38:45.024Z] > git for-each-ref --sort -committerdate --format %(refname) %(objectname) %(*objectname) [8ms]
[2022-02-28T04:38:45.025Z] > git remote --verbose [2ms]
[2022-02-28T04:38:45.074Z] > git config --get commit.template [1ms]
[2022-02-28T04:38:50.149Z] > git symbolic-ref --short HEAD [6ms]
[2022-02-28T04:38:50.167Z] > git for-each-ref --format=%(refname)%00%(upstream:short)%00%(objectname)%00%(upstream:track) refs/heads/new_branch refs/remotes/new_branch [4ms]
[2022-02-28T04:38:50.195Z] > git for-each-ref --sort -committerdate --format %(refname) %(objectname) %(*objectname) [14ms]
[2022-02-28T04:38:50.196Z] > git remote --verbose [4ms]
[2022-02-28T04:38:50.248Z] > git config --get commit.template [1ms]
[2022-02-28T04:38:55.312Z] > git symbolic-ref --short HEAD [1ms]
[2022-02-28T04:38:55.322Z] > git for-each-ref --format=%(refname)%00%(upstream:short)%00%(objectname)%00%(upstream:track) refs/heads/new_branch refs/remotes/new_branch [2ms]
[2022-02-28T04:38:55.339Z] > git for-each-ref --sort -committerdate --format %(refname) %(objectname) %(*objectname) [9ms]
[2022-02-28T04:38:55.340Z] > git remote --verbose [3ms]
[2022-02-28T04:38:55.388Z] > git config --get commit.template [2ms]
[2022-02-28T04:39:00.460Z] > git symbolic-ref --short HEAD [4ms]
[2022-02-28T04:39:00.482Z] > git for-each-ref --format=%(refname)%00%(upstream:short)%00%(objectname)%00%(upstream:track) refs/heads/new_branch refs/remotes/new_branch [7ms]
[2022-02-28T04:39:00.522Z] > git for-each-ref --sort -committerdate --format %(refname) %(objectname) %(*objectname) [23ms]
[2022-02-28T04:39:00.523Z] > git remote --verbose [10ms]
[2022-02-28T04:39:00.602Z] > git config --get commit.template [2ms]
[2022-02-28T04:39:05.679Z] > git symbolic-ref --short HEAD [4ms]
[2022-02-28T04:39:05.696Z] > git for-each-ref --format=%(refname)%00%(upstream:short)%00%(objectname)%00%(upstream:track) refs/heads/new_branch refs/remotes/new_branch [3ms]
[2022-02-28T04:39:05.724Z] > git for-each-ref --sort -committerdate --format %(refname) %(objectname) %(*objectname) [14ms]
[2022-02-28T04:39:05.726Z] > git remote --verbose [4ms]
[2022-02-28T04:39:05.774Z] > git config --get commit.template [1ms]
[2022-02-28T04:39:10.852Z] > git symbolic-ref --short HEAD [2ms]
[2022-02-28T04:39:10.862Z] > git for-each-ref --format=%(refname)%00%(upstream:short)%00%(objectname)%00%(upstream:track) refs/heads/new_branch refs/remotes/new_branch [2ms]
[2022-02-28T04:39:10.873Z] > git remote --verbose [1ms]
[2022-02-28T04:39:10.873Z] > git for-each-ref --sort -committerdate --format %(refname) %(objectname) %(*objectname) [6ms]
[2022-02-28T04:39:10.901Z] > git config --get commit.template [1ms]
[2022-02-28T04:39:15.971Z] > git symbolic-ref --short HEAD [4ms]
[2022-02-28T04:39:15.991Z] > git for-each-ref --format=%(refname)%00%(upstream:short)%00%(objectname)%00%(upstream:track) refs/heads/new_branch refs/remotes/new_branch [4ms]
[2022-02-28T04:39:16.020Z] > git for-each-ref --sort -committerdate --format %(refname) %(objectname) %(*objectname) [16ms]
[2022-02-28T04:39:16.021Z] > git remote --verbose [4ms]
[2022-02-28T04:39:16.078Z] > git config --get commit.template [2ms]
[2022-02-28T04:39:21.122Z] > git symbolic-ref --short HEAD [3ms]
[2022-02-28T04:39:21.133Z] > git for-each-ref --format=%(refname)%00%(upstream:short)%00%(objectname)%00%(upstream:track) refs/heads/new_branch refs/remotes/new_branch [2ms]
[2022-02-28T04:39:21.152Z] > git for-each-ref --sort -committerdate --format %(refname) %(objectname) %(*objectname) [11ms]
[2022-02-28T04:39:21.154Z] > git remote --verbose [5ms]
[2022-02-28T04:39:21.215Z] > git config --get commit.template [2ms]
[2022-02-28T04:39:26.271Z] > git symbolic-ref --short HEAD [2ms]
[2022-02-28T04:39:26.283Z] > git for-each-ref --format=%(refname)%00%(upstream:short)%00%(objectname)%00%(upstream:track) refs/heads/new_branch refs/remotes/new_branch [3ms]
[2022-02-28T04:39:26.301Z] > git for-each-ref --sort -committerdate --format %(refname) %(objectname) %(*objectname) [10ms]
[2022-02-28T04:39:26.302Z] > git remote --verbose [3ms]
[2022-02-28T04:39:26.346Z] > git config --get commit.template [1ms]
[2022-02-28T04:39:31.416Z] > git symbolic-ref --short HEAD [3ms]
[2022-02-28T04:39:31.434Z] > git for-each-ref --format=%(refname)%00%(upstream:short)%00%(objectname)%00%(upstream:track) refs/heads/new_branch refs/remotes/new_branch [4ms]
[2022-02-28T04:39:31.461Z] > git for-each-ref --sort -committerdate --format %(refname) %(objectname) %(*objectname) [15ms]
[2022-02-28T04:39:31.462Z] > git remote --verbose [4ms]
[2022-02-28T04:39:31.523Z] > git config --get commit.template [2ms]
[2022-02-28T04:39:36.588Z] > git symbolic-ref --short HEAD [2ms]
[2022-02-28T04:39:36.599Z] > git for-each-ref --format=%(refname)%00%(upstream:short)%00%(objectname)%00%(upstream:track) refs/heads/new_branch refs/remotes/new_branch [2ms]
[2022-02-28T04:39:36.616Z] > git for-each-ref --sort -committerdate --format %(refname) %(objectname) %(*objectname) [9ms]
[2022-02-28T04:39:36.617Z] > git remote --verbose [3ms]
[2022-02-28T04:39:36.672Z] > git config --get commit.template [1ms]
[2022-02-28T04:39:41.744Z] > git symbolic-ref --short HEAD [3ms]
[2022-02-28T04:39:41.758Z] > git for-each-ref --format=%(refname)%00%(upstream:short)%00%(objectname)%00%(upstream:track) refs/heads/new_branch refs/remotes/new_branch [4ms]
[2022-02-28T04:39:41.781Z] > git for-each-ref --sort -committerdate --format %(refname) %(objectname) %(*objectname) [12ms]
[2022-02-28T04:39:41.791Z] > git remote --verbose [12ms]
[2022-02-28T04:39:41.834Z] > git config --get commit.template [1ms]
[2022-02-28T04:39:46.870Z] > git symbolic-ref --short HEAD [1ms]
[2022-02-28T04:39:46.879Z] > git for-each-ref --format=%(refname)%00%(upstream:short)%00%(objectname)%00%(upstream:track) refs/heads/new_branch refs/remotes/new_branch [2ms]
[2022-02-28T04:39:46.893Z] > git for-each-ref --sort -committerdate --format %(refname) %(objectname) %(*objectname) [8ms]
[2022-02-28T04:39:46.894Z] > git remote --verbose [3ms]
[2022-02-28T04:39:46.931Z] > git config --get commit.template [2ms]
[2022-02-28T04:39:52.006Z] > git symbolic-ref --short HEAD [6ms]
[2022-02-28T04:39:52.024Z] > git for-each-ref --format=%(refname)%00%(upstream:short)%00%(objectname)%00%(upstream:track) refs/heads/new_branch refs/remotes/new_branch [4ms]
[2022-02-28T04:39:52.057Z] > git for-each-ref --sort -committerdate --format %(refname) %(objectname) %(*objectname) [24ms]
[2022-02-28T04:39:52.057Z] > git remote --verbose [15ms]
[2022-02-28T04:39:52.114Z] > git config --get commit.template [2ms]
[2022-02-28T04:39:57.183Z] > git symbolic-ref --short HEAD [3ms]
[2022-02-28T04:39:57.200Z] > git for-each-ref --format=%(refname)%00%(upstream:short)%00%(objectname)%00%(upstream:track) refs/heads/new_branch refs/remotes/new_branch [3ms]
[2022-02-28T04:39:57.227Z] > git for-each-ref --sort -committerdate --format %(refname) %(objectname) %(*objectname) [14ms]
[2022-02-28T04:39:57.228Z] > git remote --verbose [4ms]
[2022-02-28T04:39:57.292Z] > git config --get commit.template [2ms]
[2022-02-28T04:40:02.331Z] > git symbolic-ref --short HEAD [3ms]
[2022-02-28T04:40:02.342Z] > git for-each-ref --format=%(refname)%00%(upstream:short)%00%(objectname)%00%(upstream:track) refs/heads/new_branch refs/remotes/new_branch [4ms]
[2022-02-28T04:40:02.355Z] > git for-each-ref --sort -committerdate --format %(refname) %(objectname) %(*objectname) [7ms]
[2022-02-28T04:40:02.360Z] > git remote --verbose [6ms]
[2022-02-28T04:40:02.383Z] > git config --get commit.template [1ms]
[2022-02-28T04:40:07.459Z] > git symbolic-ref --short HEAD [2ms]
[2022-02-28T04:40:07.472Z] > git for-each-ref --format=%(refname)%00%(upstream:short)%00%(objectname)%00%(upstream:track) refs/heads/new_branch refs/remotes/new_branch [3ms]
[2022-02-28T04:40:07.495Z] > git for-each-ref --sort -committerdate --format %(refname) %(objectname) %(*objectname) [12ms]
[2022-02-28T04:40:07.497Z] > git remote --verbose [5ms]
[2022-02-28T04:40:07.547Z] > git config --get commit.template [1ms]
[2022-02-28T04:40:12.609Z] > git symbolic-ref --short HEAD [3ms]
[2022-02-28T04:40:12.619Z] > git for-each-ref --format=%(refname)%00%(upstream:short)%00%(objectname)%00%(upstream:track) refs/heads/new_branch refs/remotes/new_branch [3ms]
[2022-02-28T04:40:12.641Z] > git remote --verbose [2ms]
[2022-02-28T04:40:12.641Z] > git for-each-ref --sort -committerdate --format %(refname) %(objectname) %(*objectname) [7ms]
[2022-02-28T04:40:12.689Z] > git config --get commit.template [4ms]
[2022-02-28T04:40:17.730Z] > git symbolic-ref --short HEAD [1ms]
[2022-02-28T04:40:17.739Z] > git for-each-ref --format=%(refname)%00%(upstream:short)%00%(objectname)%00%(upstream:track) refs/heads/new_branch refs/remotes/new_branch [2ms]
[2022-02-28T04:40:17.777Z] > git for-each-ref --sort -committerdate --format %(refname) %(objectname) %(*objectname) [29ms]
[2022-02-28T04:40:17.786Z] > git remote --verbose [11ms]
[2022-02-28T04:40:17.838Z] > git config --get commit.template [2ms]
