[2022-03-01T03:58:52.324Z] Validating found git in: git
[2022-03-01T03:58:52.408Z] Using git 2.25.1 from git
[2022-03-01T03:58:52.546Z] > git rev-parse --git-dir [7ms]
[2022-03-01T03:58:52.560Z] Open repository: /home/rickyj87x
[2022-03-01T03:58:52.714Z] > git symbolic-ref --short HEAD [50ms]
[2022-03-01T03:58:52.751Z] > git for-each-ref --format=%(refname)%00%(upstream:short)%00%(objectname)%00%(upstream:track) refs/heads/master refs/remotes/master [30ms]
[2022-03-01T03:58:52.776Z] > git remote --verbose [7ms]
[2022-03-01T03:58:52.777Z] > git for-each-ref --sort -committerdate --format %(refname) %(objectname) %(*objectname) [17ms]
[2022-03-01T03:58:52.809Z] > git config --get commit.template [4ms]
[2022-03-01T03:58:53.209Z] > git ls-files --stage -- /home/rickyj87x/style.css [8ms]
[2022-03-01T03:58:53.225Z] > git cat-file -s 6b03d380de24f2d6d651845d035b9d01fd4a4334 [9ms]
[2022-03-01T03:58:56.863Z] > git ls-files --stage -- /home/rickyj87x/script.js [4ms]
[2022-03-01T03:58:56.874Z] > git cat-file -s 248572dca328e688d3221c9d0e0b98289e4a864a [3ms]
[2022-03-01T03:58:59.551Z] > git ls-files --stage -- /home/rickyj87x/index.html [19ms]
[2022-03-01T03:58:59.561Z] > git cat-file -s e30754f16587ff7140dc36fe442dbe594a7328b1 [4ms]
[2022-03-01T03:59:15.198Z] > git log --format=%H%n%aN%n%aE%n%at%n%ct%n%P%n%B -z -n21 -- /home/rickyj87x/jasmine/index.html [27ms]
[2022-03-01T03:59:15.335Z] > git ls-files --stage -- /home/rickyj87x/jasmine/index.html [15ms]
[2022-03-01T03:59:20.254Z] > git ls-files --stage -- /home/rickyj87x/jasmine/app.js [6ms]
[2022-03-01T03:59:24.130Z] > git ls-files --stage -- /home/rickyj87x/jasmine/app.css [13ms]
[2022-03-01T03:59:35.284Z] > git ls-files --stage -- /home/rickyj87x/jasmine/index.html [3ms]
[2022-03-01T04:01:17.247Z] > git ls-files --stage -- /home/rickyj87x/script.js [4ms]
[2022-03-01T04:01:17.257Z] > git cat-file -s 248572dca328e688d3221c9d0e0b98289e4a864a [2ms]
[2022-03-01T04:01:21.905Z] > git ls-files --stage -- /home/rickyj87x/index.html [7ms]
[2022-03-01T04:01:21.922Z] > git cat-file -s e30754f16587ff7140dc36fe442dbe594a7328b1 [5ms]
[2022-03-01T04:01:33.753Z] > git ls-files --stage -- /home/rickyj87x/jasmine/index.html [5ms]
[2022-03-01T04:01:42.025Z] > git ls-files --stage -- /home/rickyj87x/jasmine/app.js [4ms]
[2022-03-01T04:01:44.915Z] > git ls-files --stage -- /home/rickyj87x/jasmine/index.html [3ms]
[2022-03-01T04:01:46.298Z] > git ls-files --stage -- /home/rickyj87x/index.html [3ms]
[2022-03-01T04:01:46.309Z] > git cat-file -s e30754f16587ff7140dc36fe442dbe594a7328b1 [3ms]
[2022-03-01T04:01:50.737Z] > git ls-files --stage -- /home/rickyj87x/jasmine/index.html [3ms]
[2022-03-01T04:20:48.023Z] > git ls-files --stage -- /home/rickyj87x/jasmine/app.js [3ms]
[2022-03-01T04:20:48.033Z] > git cat-file -s e69de29bb2d1d6434b8b29ae775ad8c2e48c5391 [1ms]
[2022-03-01T04:20:50.783Z] > git ls-files --stage -- /home/rickyj87x/jasmine/app.css [3ms]
[2022-03-01T04:20:50.789Z] > git cat-file -s e69de29bb2d1d6434b8b29ae775ad8c2e48c5391 [1ms]
[2022-03-01T04:20:52.462Z] > git ls-files --stage -- /home/rickyj87x/index.html [4ms]
[2022-03-01T04:20:52.471Z] > git cat-file -s e30754f16587ff7140dc36fe442dbe594a7328b1 [2ms]
[2022-03-01T04:20:55.291Z] > git ls-files --stage -- /home/rickyj87x/jasmine/index.html [5ms]
[2022-03-01T04:20:55.299Z] > git cat-file -s 2f7cd412d4f813235e098d8b5e2812d7a51ddf19 [2ms]
[2022-03-01T04:20:58.581Z] > git ls-files --stage -- /home/rickyj87x/index.html [3ms]
[2022-03-01T04:20:58.589Z] > git cat-file -s e30754f16587ff7140dc36fe442dbe594a7328b1 [2ms]
[2022-03-01T04:21:00.668Z] > git ls-files --stage -- /home/rickyj87x/jasmine/index.html [3ms]
[2022-03-01T04:21:00.685Z] > git cat-file -s 2f7cd412d4f813235e098d8b5e2812d7a51ddf19 [10ms]
[2022-03-01T04:21:08.516Z] > git ls-files --stage -- /home/rickyj87x/jasmine/app.js [2ms]
[2022-03-01T04:21:08.524Z] > git cat-file -s e69de29bb2d1d6434b8b29ae775ad8c2e48c5391 [2ms]
[2022-03-01T04:21:10.753Z] > git ls-files --stage -- /home/rickyj87x/jasmine/index.html [2ms]
[2022-03-01T04:21:10.760Z] > git cat-file -s 2f7cd412d4f813235e098d8b5e2812d7a51ddf19 [2ms]
[2022-03-01T05:07:40.063Z] > git ls-files --stage -- /home/rickyj87x/index.html [8ms]
[2022-03-01T05:07:40.084Z] > git cat-file -s e30754f16587ff7140dc36fe442dbe594a7328b1 [3ms]
